=== Daily All-Hands run started at Wed Apr 15 09:00:03 MST 2026 ===
From https://github.com/rylanibach/Webdesign
 * branch            main       -> FETCH_HEAD
From https://github.com/rylanibach/Webdesign
 * branch            main       -> FETCH_HEAD
Already up to date.
Failed to authenticate. API Error: 401 {"type":"error","error":{"type":"authentication_error","message":"Invalid authentication credentials"},"request_id":"req_011Ca5qPrWXxqXVgX6qnnVKx"}

=== Daily All-Hands run finished at Wed Apr 15 09:00:07 MST 2026 (exit 1) ===

=== Email delivery ===
{"id":"b133e1e2-0dd7-45f8-8692-da0bd30f19c2"}
=== Daily All-Hands run started at Wed Apr 15 16:11:54 MST 2026 ===
From https://github.com/rylanibach/Webdesign
 * branch            main       -> FETCH_HEAD
From https://github.com/rylanibach/Webdesign
 * branch            main       -> FETCH_HEAD
Already up to date.
Failed to authenticate. API Error: 401 {"type":"error","error":{"type":"authentication_error","message":"Invalid authentication credentials"},"request_id":"req_011Ca6QLDGSTFWVoX4U5XLSL"}

=== Daily All-Hands run finished at Wed Apr 15 16:12:03 MST 2026 (exit 1) ===

=== Email delivery ===
{"id":"6cc358e5-b882-45cb-a5a0-da9799a3377e"}
=== Daily All-Hands run started at Wed Apr 15 16:12:39 MST 2026 ===
From https://github.com/rylanibach/Webdesign
 * branch            main       -> FETCH_HEAD
From https://github.com/rylanibach/Webdesign
 * branch            main       -> FETCH_HEAD
Already up to date.
---

## Daily All-Hands Summary — 2026-04-15 (Wednesday)

- **16 files changed**
- **6 new leads added** (3 High, 3 Medium — electrician, painting, appliance repair, pet grooming)
- **3 Gate 1 items queued** (Foquito Electric, GJ Solutions Painting, Starfix Appliance Repair)
- **0 new Gate 2 outreach drafts** (no newly approved leads since Apr 12)
- **Commit:** `6425772` — pushed to `origin/main`

### Blockers requiring your attention:

1. **9 pending Gate 1 leads** need your approve/skip decision. The 6 from Apr 14 (Japez Mobile Detailing, Big J's Mobile Detail, Lightning Mobile Car Wash, Cam's Mobile Mechanic, A's Pool Service, LD Pressure Washing) plus 3 new today.
2. **3 pending Gate 2 outreach drafts** (Cardinals Fencing, Nikki's Mobile Grooming, Midwest Concrete) have been waiting since Apr 12 — approve to send, or give notes.
3. **All-hands automation failed Apr 11–14** due to rate limits and auth errors. Today's run succeeded manually. You may want to check the scheduled trigger configuration.
4. **No active clients yet** — the pipeline needs owner decisions to progress leads through outreach and into engagements.

=== Daily All-Hands run finished at Wed Apr 15 16:16:12 MST 2026 (exit 0) ===

=== Email delivery ===
{"id":"624a58f9-a8c2-4b64-9e2c-ccea8461878a"}
