=== Daily All-Hands run started at Fri Apr 10 09:00:00 MST 2026 ===
From https://github.com/rylanibach/Webdesign
 * branch            main       -> FETCH_HEAD
From https://github.com/rylanibach/Webdesign
 * branch            main       -> FETCH_HEAD
Already up to date.
---

## Daily All-Hands Summary — 2026-04-10 (Friday)

| Metric | Value |
|---|---|
| **Files changed** | 15 |
| **New leads added** | 6 (3 High, 3 Medium) |
| **Gate 1 items queued** | 3 (Cardinals Fencing, Nikki's Mobile Grooming, Midwest Concrete) |
| **Gate 2 outreach drafts ready** | 5 (Jimenez, Escalona, Osvaldo's, Phoenix Pavers, Kargo) |
| **Commit hash** | `ad1d40a` |

### What each teammate did:
- **Kyle** — Standup compiled, Friday weekly review written, 8 approval items surfaced
- **Stevie** — Design system template (color palettes, typography, component patterns, accessibility checklist)
- **Matt** — Tailwind/Astro component library (Hero, ServiceCard, CTABand, Testimonial, ContactForm, Header)
- **Emily** — 6 new leads discovered, 5 outreach emails drafted, pipeline updated
- **Raul** — Services page copy template with industry-specific examples

### Blockers for the owner before Monday:
1. **Review 5 Gate 2 outreach emails** in `ops/approvals/queue.md` — approve each so Emily can send Monday morning
2. **Review 3 new Gate 1 leads** — Cardinals Fencing, Nikki's Mobile Grooming, Midwest Concrete — approve or skip
3. No active clients yet — the pipeline needs these approvals to start converting

=== Daily All-Hands run finished at Fri Apr 10 09:06:30 MST 2026 (exit 0) ===

=== Email delivery ===
{"id":"bb1a219f-4332-427f-8203-69de4d7df1e3"}
