=== Daily All-Hands run started at Sun Apr 12 09:15:48 MST 2026 ===
From https://github.com/rylanibach/Webdesign
 * branch            main       -> FETCH_HEAD
From https://github.com/rylanibach/Webdesign
 * branch            main       -> FETCH_HEAD
Already up to date.
Failed to authenticate. API Error: 401 {"type":"error","error":{"type":"authentication_error","message":"Invalid authentication credentials"},"request_id":"req_011CZzN3KaDgr6HL4ztwsCHS"}

=== Daily All-Hands run finished at Sun Apr 12 11:38:26 MST 2026 (exit 1) ===

=== Email delivery ===
{"id":"aeac8160-9291-455f-8647-885588219657"}
=== Daily All-Hands run started at Sun Apr 12 11:41:15 MST 2026 ===
From https://github.com/rylanibach/Webdesign
 * branch            main       -> FETCH_HEAD
From https://github.com/rylanibach/Webdesign
 * branch            main       -> FETCH_HEAD
Already up to date.
You've hit your limit · resets Apr 14 at 4pm (America/Phoenix)

=== Daily All-Hands run finished at Sun Apr 12 11:45:43 MST 2026 (exit 1) ===

=== Email delivery ===
{"id":"925b19ce-c21e-49fa-9ddd-ec3d2ef87440"}
