=== Daily All-Hands run started at Tue Apr 14 09:00:02 MST 2026 ===
From https://github.com/rylanibach/Webdesign
 * branch            main       -> FETCH_HEAD
From https://github.com/rylanibach/Webdesign
 * branch            main       -> FETCH_HEAD
Already up to date.
You've hit your limit · resets 4pm (America/Phoenix)

=== Daily All-Hands run finished at Tue Apr 14 09:00:12 MST 2026 (exit 1) ===

=== Email delivery ===
{"id":"3b69e65c-6910-4618-a3a8-c080d7f7a21a"}
=== Daily All-Hands run started at Tue Apr 14 18:30:13 MST 2026 ===
From https://github.com/rylanibach/Webdesign
 * branch            main       -> FETCH_HEAD
From https://github.com/rylanibach/Webdesign
 * branch            main       -> FETCH_HEAD
Already up to date.
=== Daily All-Hands run started at Tue Apr 14 18:47:05 MST 2026 ===
From https://github.com/rylanibach/Webdesign
 * branch            main       -> FETCH_HEAD
From https://github.com/rylanibach/Webdesign
 * branch            main       -> FETCH_HEAD
Already up to date.
You've hit your limit · resets 11pm (America/Phoenix)

=== Daily All-Hands run finished at Tue Apr 14 18:50:04 MST 2026 (exit 1) ===

=== Email delivery ===
{"id":"0a15f4ba-2333-4cea-8532-05381d3e046a"}
